Log file open, 11/29/16 02:10:35
LogInit:Display: Running engine for game: DiselPunk
LogPlatformFile: Not using cached read wrapper
LogInit:Display: RandInit(1343153737) SRandInit(1343153737).
LogTaskGraph: Started task graph with 5 named threads and 6 total threads with 1 sets of task threads.
LogStats: Stats thread started at 0.147819
LogPluginManager: Loaded Plugin Paper2D, From E:/Games/Epic Games/4.14/Engine/Plugins/2D/Paper2D/Paper2D.uplugin
LogPluginManager: Loaded Plugin LightPropagationVolume, From E:/Games/Epic Games/4.14/Engine/Plugins/Blendables/LightPropagationVolume/LightPropagationVolume.uplugin
LogPluginManager: Loaded Plugin BlankPlugin, From E:/Games/Epic Games/4.14/Engine/Plugins/Developer/BlankPlugin/BlankPlugin.uplugin
LogPluginManager: Loaded Plugin CodeLiteSourceCodeAccess, From E:/Games/Epic Games/4.14/Engine/Plugins/Developer/CodeLiteSourceCodeAccess/CodeLiteSourceCodeAccess.uplugin
LogPluginManager: Loaded Plugin GitSourceControl, From E:/Games/Epic Games/4.14/Engine/Plugins/Developer/GitSourceControl/GitSourceControl.uplugin
LogPluginManager: Loaded Plugin KDevelopSourceCodeAccess, From E:/Games/Epic Games/4.14/Engine/Plugins/Developer/KDevelopSourceCodeAccess/KDevelopSourceCodeAccess.uplugin
LogPluginManager: Loaded Plugin NullSourceCodeAccess, From E:/Games/Epic Games/4.14/Engine/Plugins/Developer/NullSourceCodeAccess/NullSourceCodeAccess.uplugin
LogPluginManager: Loaded Plugin OneSkyLocalizationService, From E:/Games/Epic Games/4.14/Engine/Plugins/Developer/OneSkyLocalizationService/OneSkyLocalizationService.uplugin
LogPluginManager: Loaded Plugin PerforceSourceControl, From E:/Games/Epic Games/4.14/Engine/Plugins/Developer/PerforceSourceControl/PerforceSourceControl.uplugin
LogPluginManager: Loaded Plugin SubversionSourceControl, From E:/Games/Epic Games/4.14/Engine/Plugins/Developer/SubversionSourceControl/SubversionSourceControl.uplugin
LogPluginManager: Loaded Plugin UObjectPlugin, From E:/Games/Epic Games/4.14/Engine/Plugins/Developer/UObjectPlugin/UObjectPlugin.uplugin
LogPluginManager: Loaded Plugin VisualStudioSourceCodeAccess, From E:/Games/Epic Games/4.14/Engine/Plugins/Developer/VisualStudioSourceCodeAccess/VisualStudioSourceCodeAccess.uplugin
LogPluginManager: Loaded Plugin XCodeSourceCodeAccess, From E:/Games/Epic Games/4.14/Engine/Plugins/Developer/XCodeSourceCodeAccess/XCodeSourceCodeAccess.uplugin
LogPluginManager: Loaded Plugin AudioCapture, From E:/Games/Epic Games/4.14/Engine/Plugins/Editor/AudioCapture/AudioCapture.uplugin
LogPluginManager: Loaded Plugin EpicSurvey, From E:/Games/Epic Games/4.14/Engine/Plugins/Editor/EpicSurvey/EpicSurvey.uplugin
LogPluginManager: Loaded Plugin MacGraphicsSwitching, From E:/Games/Epic Games/4.14/Engine/Plugins/Editor/MacGraphicsSwitching/MacGraphicsSwitching.uplugin
LogPluginManager: Loaded Plugin MobileLauncherProfileWizard, From E:/Games/Epic Games/4.14/Engine/Plugins/Editor/MobileLauncherProfileWizard/MobileLauncherProfileWizard.uplugin
LogPluginManager: Loaded Plugin PluginBrowser, From E:/Games/Epic Games/4.14/Engine/Plugins/Editor/PluginBrowser/PluginBrowser.uplugin
LogPluginManager: Loaded Plugin SpeedTreeImporter, From E:/Games/Epic Games/4.14/Engine/Plugins/Editor/SpeedTreeImporter/SpeedTreeImporter.uplugin
LogPluginManager: Loaded Plugin SuperSearchEditor, From E:/Games/Epic Games/4.14/Engine/Plugins/Editor/SuperSearchEditor/SuperSearchEditor.uplugin
LogPluginManager: Loaded Plugin AlembicImporter, From E:/Games/Epic Games/4.14/Engine/Plugins/Experimental/AlembicImporter/AlembicImporter.uplugin
LogPluginManager: Loaded Plugin BlueprintStats, From E:/Games/Epic Games/4.14/Engine/Plugins/Experimental/BlueprintStats/BlueprintStats.uplugin
LogPluginManager: Loaded Plugin CharacterAI, From E:/Games/Epic Games/4.14/Engine/Plugins/Experimental/CharacterAI/CharacterAI.uplugin
LogPluginManager: Loaded Plugin CodeEditor, From E:/Games/Epic Games/4.14/Engine/Plugins/Experimental/CodeEditor/CodeEditor.uplugin
LogPluginManager: Loaded Plugin CodeView, From E:/Games/Epic Games/4.14/Engine/Plugins/Experimental/CodeView/CodeView.uplugin
LogPluginManager: Loaded Plugin HTML5Networking, From E:/Games/Epic Games/4.14/Engine/Plugins/Experimental/HTML5Networking/HTML5Networking.uplugin
LogPluginManager: Loaded Plugin OSVR, From E:/Games/Epic Games/4.14/Engine/Plugins/Experimental/OSVR/OSVR.uplugin
LogPluginManager: Loaded Plugin Phya, From E:/Games/Epic Games/4.14/Engine/Plugins/Experimental/Phya/Phya.uplugin
LogPluginManager: Loaded Plugin SignificanceManager, From E:/Games/Epic Games/4.14/Engine/Plugins/Experimental/SignificanceManager/SignificanceManager.uplugin
LogPluginManager: Loaded Plugin SimpleHMD, From E:/Games/Epic Games/4.14/Engine/Plugins/Experimental/SimpleHMD/SimpleHMD.uplugin
LogPluginManager: Loaded Plugin StereoPanorama, From E:/Games/Epic Games/4.14/Engine/Plugins/Experimental/StereoPanorama/StereoPanorama.uplugin
LogPluginManager: Loaded Plugin StructBox, From E:/Games/Epic Games/4.14/Engine/Plugins/Experimental/StructBox/StructBox.uplugin
LogPluginManager: Loaded Plugin AndroidMedia, From E:/Games/Epic Games/4.14/Engine/Plugins/Media/AndroidMedia/AndroidMedia.uplugin
LogPluginManager: Loaded Plugin AvfMedia, From E:/Games/Epic Games/4.14/Engine/Plugins/Media/AvfMedia/AvfMedia.uplugin
LogPluginManager: Loaded Plugin MediaPlayerEditor, From E:/Games/Epic Games/4.14/Engine/Plugins/Media/MediaPlayerEditor/MediaPlayerEditor.uplugin
LogPluginManager: Loaded Plugin WmfMedia, From E:/Games/Epic Games/4.14/Engine/Plugins/Media/WmfMedia/WmfMedia.uplugin
LogPluginManager: Loaded Plugin MessagingDebugger, From E:/Games/Epic Games/4.14/Engine/Plugins/Messaging/MessagingDebugger/MessagingDebugger.uplugin
LogPluginManager: Loaded Plugin TcpMessaging, From E:/Games/Epic Games/4.14/Engine/Plugins/Messaging/TcpMessaging/TcpMessaging.uplugin
LogPluginManager: Loaded Plugin UdpMessaging, From E:/Games/Epic Games/4.14/Engine/Plugins/Messaging/UdpMessaging/UdpMessaging.uplugin
LogPluginManager: Loaded Plugin LevelSequenceEditor, From E:/Games/Epic Games/4.14/Engine/Plugins/MovieScene/LevelSequenceEditor/LevelSequenceEditor.uplugin
LogPluginManager: Loaded Plugin MatineeToLevelSequence, From E:/Games/Epic Games/4.14/Engine/Plugins/MovieScene/MatineeToLevelSequence/MatineeToLevelSequence.uplugin
LogPluginManager: Loaded Plugin NetcodeUnitTest, From E:/Games/Epic Games/4.14/Engine/Plugins/NetcodeUnitTest/NetcodeUnitTest/NetcodeUnitTest.uplugin
LogPluginManager: Loaded Plugin NUTUnrealEngine4, From E:/Games/Epic Games/4.14/Engine/Plugins/NetcodeUnitTest/NUTUnrealEngine4/NUTUnrealEngine4.uplugin
LogPluginManager: Loaded Plugin OnlineSubsystemGameCircle, From E:/Games/Epic Games/4.14/Engine/Plugins/Online/Android/OnlineSubsystemGameCircle/OnlineSubsystemGameCircle.uplugin
LogPluginManager: Loaded Plugin OnlineSubsystemGooglePlay, From E:/Games/Epic Games/4.14/Engine/Plugins/Online/Android/OnlineSubsystemGooglePlay/OnlineSubsystemGooglePlay.uplugin
LogPluginManager: Loaded Plugin OnlineSubsystemIOS, From E:/Games/Epic Games/4.14/Engine/Plugins/Online/IOS/OnlineSubsystemIOS/OnlineSubsystemIOS.uplugin
LogPluginManager: Loaded Plugin OnlineFramework, From E:/Games/Epic Games/4.14/Engine/Plugins/Online/OnlineFramework/OnlineFramework.uplugin
LogPluginManager: Loaded Plugin OnlineSubsystem, From E:/Games/Epic Games/4.14/Engine/Plugins/Online/OnlineSubsystem/OnlineSubsystem.uplugin
LogPluginManager: Loaded Plugin OnlineSubsystemAmazon, From E:/Games/Epic Games/4.14/Engine/Plugins/Online/OnlineSubsystemAmazon/OnlineSubsystemAmazon.uplugin
LogPluginManager: Loaded Plugin OnlineSubsystemFacebook, From E:/Games/Epic Games/4.14/Engine/Plugins/Online/OnlineSubsystemFacebook/OnlineSubsystemFacebook.uplugin
LogPluginManager: Loaded Plugin OnlineSubsystemNull, From E:/Games/Epic Games/4.14/Engine/Plugins/Online/OnlineSubsystemNull/OnlineSubsystemNull.uplugin
LogPluginManager: Loaded Plugin OnlineSubsystemOculus, From E:/Games/Epic Games/4.14/Engine/Plugins/Online/OnlineSubsystemOculus/OnlineSubsystemOculus.uplugin
LogPluginManager: Loaded Plugin OnlineSubsystemSteam, From E:/Games/Epic Games/4.14/Engine/Plugins/Online/OnlineSubsystemSteam/OnlineSubsystemSteam.uplugin
LogPluginManager: Loaded Plugin OnlineSubsystemUtils, From E:/Games/Epic Games/4.14/Engine/Plugins/Online/OnlineSubsystemUtils/OnlineSubsystemUtils.uplugin
LogPluginManager: Loaded Plugin IOSTapJoy, From E:/Games/Epic Games/4.14/Engine/Plugins/Runtime/Advertising/IOSTapJoy/IOSTapJoy.uplugin
LogPluginManager: Loaded Plugin AnalyticsBlueprintLibrary, From E:/Games/Epic Games/4.14/Engine/Plugins/Runtime/Analytics/AnalyticsBlueprintLibrary/AnalyticsBlueprintLibrary.uplugin
LogPluginManager: Loaded Plugin AnalyticsMulticast, From E:/Games/Epic Games/4.14/Engine/Plugins/Runtime/Analytics/AnalyticsMulticast/AnalyticsMulticast.uplugin
LogPluginManager: Loaded Plugin Apsalar, From E:/Games/Epic Games/4.14/Engine/Plugins/Runtime/Analytics/Apsalar/Apsalar.uplugin
LogPluginManager: Loaded Plugin FileLogging, From E:/Games/Epic Games/4.14/Engine/Plugins/Runtime/Analytics/FileLogging/FileLogging.uplugin
LogPluginManager: Loaded Plugin Flurry, From E:/Games/Epic Games/4.14/Engine/Plugins/Runtime/Analytics/Flurry/Flurry.uplugin
LogPluginManager: Loaded Plugin AndroidDeviceProfileSelector, From E:/Games/Epic Games/4.14/Engine/Plugins/Runtime/AndroidDeviceProfileSelector/AndroidDeviceProfileSelector.uplugin
LogPluginManager: Loaded Plugin AndroidMoviePlayer, From E:/Games/Epic Games/4.14/Engine/Plugins/Runtime/AndroidMoviePlayer/AndroidMoviePlayer.uplugin
LogPluginManager: Loaded Plugin AppleMoviePlayer, From E:/Games/Epic Games/4.14/Engine/Plugins/Runtime/AppleMoviePlayer/AppleMoviePlayer.uplugin
LogPluginManager: Loaded Plugin ArchVisCharacter, From E:/Games/Epic Games/4.14/Engine/Plugins/Runtime/ArchVisCharacter/ArchVisCharacter.uplugin
LogPluginManager: Loaded Plugin CableComponent, From E:/Games/Epic Games/4.14/Engine/Plugins/Runtime/CableComponent/CableComponent.uplugin
LogPluginManager: Loaded Plugin CustomMeshComponent, From E:/Games/Epic Games/4.14/Engine/Plugins/Runtime/CustomMeshComponent/CustomMeshComponent.uplugin
LogPluginManager: Loaded Plugin ExampleDeviceProfileSelector, From E:/Games/Epic Games/4.14/Engine/Plugins/Runtime/ExampleDeviceProfileSelector/ExampleDeviceProfileSelector.uplugin
LogPluginManager: Loaded Plugin GearVR, From E:/Games/Epic Games/4.14/Engine/Plugins/Runtime/GearVR/GearVR.uplugin
LogPluginManager: Loaded Plugin GoogleVRController, From E:/Games/Epic Games/4.14/Engine/Plugins/Runtime/GoogleVR/GoogleVRController/GoogleVRController.uplugin
LogPluginManager: Loaded Plugin GoogleVRHMD, From E:/Games/Epic Games/4.14/Engine/Plugins/Runtime/GoogleVR/GoogleVRHMD/GoogleVRHMD.uplugin
LogPluginManager: Loaded Plugin IOSDeviceProfileSelector, From E:/Games/Epic Games/4.14/Engine/Plugins/Runtime/IOSDeviceProfileSelector/IOSDeviceProfileSelector.uplugin
LogPluginManager: Loaded Plugin LeapMotion, From E:/Games/Epic Games/4.14/Engine/Plugins/Runtime/LeapMotion/LeapMotion.uplugin
LogPluginManager: Loaded Plugin LinuxDeviceProfileSelector, From E:/Games/Epic Games/4.14/Engine/Plugins/Runtime/LinuxDeviceProfileSelector/LinuxDeviceProfileSelector.uplugin
LogPluginManager: Loaded Plugin MIDIDevice, From E:/Games/Epic Games/4.14/Engine/Plugins/Runtime/MIDIDevice/MIDIDevice.uplugin
LogPluginManager: Loaded Plugin MobilePatchingUtils, From E:/Games/Epic Games/4.14/Engine/Plugins/Runtime/MobilePatchingUtils/MobilePatchingUtils.uplugin
LogPluginManager: Loaded Plugin Ansel, From E:/Games/Epic Games/4.14/Engine/Plugins/Runtime/Nvidia/Ansel/Ansel.uplugin
LogPluginManager: Loaded Plugin OculusAudio, From E:/Games/Epic Games/4.14/Engine/Plugins/Runtime/OculusAudio/OculusAudio.uplugin
LogPluginManager: Loaded Plugin OculusInput, From E:/Games/Epic Games/4.14/Engine/Plugins/Runtime/OculusInput/OculusInput.uplugin
LogPluginManager: Loaded Plugin OculusLibrary, From E:/Games/Epic Games/4.14/Engine/Plugins/Runtime/OculusLibrary/OculusLibrary.uplugin
LogPluginManager: Loaded Plugin OculusRift, From E:/Games/Epic Games/4.14/Engine/Plugins/Runtime/OculusRift/OculusRift.uplugin
LogPluginManager: Loaded Plugin Oodle, From E:/Games/Epic Games/4.14/Engine/Plugins/Runtime/PacketHandlers/CompressionComponents/Oodle/Oodle.uplugin
LogPluginManager: Loaded Plugin ProceduralMeshComponent, From E:/Games/Epic Games/4.14/Engine/Plugins/Runtime/ProceduralMeshComponent/ProceduralMeshComponent.uplugin
LogPluginManager: Loaded Plugin SoundMod, From E:/Games/Epic Games/4.14/Engine/Plugins/Runtime/SoundMod/SoundMod.uplugin
LogPluginManager: Loaded Plugin SoundVisualizations, From E:/Games/Epic Games/4.14/Engine/Plugins/Runtime/SoundVisualizations/SoundVisualizations.uplugin
LogPluginManager: Loaded Plugin SteamController, From E:/Games/Epic Games/4.14/Engine/Plugins/Runtime/Steam/SteamController/SteamController.uplugin
LogPluginManager: Loaded Plugin SteamVR, From E:/Games/Epic Games/4.14/Engine/Plugins/Runtime/Steam/SteamVR/SteamVR.uplugin
LogPluginManager: Loaded Plugin WebBrowserWidget, From E:/Games/Epic Games/4.14/Engine/Plugins/Runtime/WebBrowserWidget/WebBrowserWidget.uplugin
LogPluginManager: Loaded Plugin WindowsDeviceProfileSelector, From E:/Games/Epic Games/4.14/Engine/Plugins/Runtime/WindowsDeviceProfileSelector/WindowsDeviceProfileSelector.uplugin
LogPluginManager: Loaded Plugin WindowsMoviePlayer, From E:/Games/Epic Games/4.14/Engine/Plugins/Runtime/WindowsMoviePlayer/WindowsMoviePlayer.uplugin
LogPluginManager: Loaded Plugin ScriptPlugin, From E:/Games/Epic Games/4.14/Engine/Plugins/ScriptPlugin/ScriptPlugin.uplugin
LogPluginManager: Loaded Plugin SlateRemote, From E:/Games/Epic Games/4.14/Engine/Plugins/Slate/SlateRemote/SlateRemote.uplugin
LogPluginManager: Loaded Plugin EditorTests, From E:/Games/Epic Games/4.14/Engine/Plugins/Tests/EditorTests/EditorTests.uplugin
LogPluginManager: Loaded Plugin FbxAutomationTestBuilder, From E:/Games/Epic Games/4.14/Engine/Plugins/Tests/FbxAutomationTestBuilder/FbxAutomationTestBuilder.uplugin
LogPluginManager: Loaded Plugin FunctionalTestingEditor, From E:/Games/Epic Games/4.14/Engine/Plugins/Tests/FunctionalTestingEditor/FunctionalTestingEditor.uplugin
LogPluginManager: Loaded Plugin RuntimeTests, From E:/Games/Epic Games/4.14/Engine/Plugins/Tests/RuntimeTests/RuntimeTests.uplugin
LogPluginManager: Loaded Plugin ScreenshotTools, From E:/Games/Epic Games/4.14/Engine/Plugins/Tests/ScreenshotTools/ScreenshotTools.uplugin
LogInit: Using libcurl 7.47.1
LogInit:  - built for x86_64-pc-win32
LogInit:  - supports SSL with OpenSSL/1.0.2g
LogInit:  - supports HTTP deflate (compression) using libz 1.2.8
LogInit:  - other features:
LogInit:      CURL_VERSION_SSL
LogInit:      CURL_VERSION_LIBZ
LogInit:      CURL_VERSION_IPV6
LogInit:      CURL_VERSION_ASYNCHDNS
LogInit:      CURL_VERSION_LARGEFILE
LogInit:      CURL_VERSION_IDN
LogInit:  CurlRequestOptions (configurable via config and command line):
LogInit:  - bVerifyPeer = false  - Libcurl will NOT verify peer certificate
LogInit:  - bUseHttpProxy = false  - Libcurl will NOT use HTTP proxy
LogInit:  - bDontReuseConnections = false  - Libcurl will reuse connections
LogInit:  - CertBundlePath = nullptr  - Libcurl will use whatever was configured at build time.
LogInit: Build: ++UE4+Release-4.14-CL-3195953
LogInit: Engine Version: 4.14.0-3195953+++UE4+Release-4.14
LogInit: Compatible Engine Version: 4.14.0-3195953+++UE4+Release-4.14
LogInit: Net CL: 3195953
LogDevObjectVersion: Number of dev versions registered: 13
LogDevObjectVersion:   Dev-Blueprints (B0D832E4-1F89-4F0D-ACCF-7EB736FD4AA2): 7
LogDevObjectVersion:   Dev-Build (E1C64328-A22C-4D53-A36C-8E866417BD8C): 0
LogDevObjectVersion:   Dev-Core (375EC13C-06E4-48FB-B500-84F0262A717E): 1
LogDevObjectVersion:   Dev-Editor (E4B068ED-F494-42E9-A231-DA0B2E46BB41): 8
LogDevObjectVersion:   Dev-Framework (CFFC743F-43B0-4480-9391-14DF171D2073): 17
LogDevObjectVersion:   Dev-Mobile (B02B49B5-BB20-44E9-A304-32B752E40360): 0
LogDevObjectVersion:   Dev-Networking (A4E4105C-59A1-49B5-A7C5-40C4547EDFEE): 0
LogDevObjectVersion:   Dev-Online (39C831C9-5AE6-47DC-9A44-9C173E1C8E7C): 0
LogDevObjectVersion:   Dev-Physics (78F01B33-EBEA-4F98-B9B4-84EACCB95AA2): 0
LogDevObjectVersion:   Dev-Platform (6631380F-2D4D-43E0-8009-CF276956A95A): 0
LogDevObjectVersion:   Dev-Rendering (12F88B9F-8875-4AFC-A67C-D90C383ABD29): 12
LogDevObjectVersion:   Dev-Sequencer (7B5AE74C-D270-4C10-A958-57980B212A5A): 1
LogDevObjectVersion:   Dev-VR (D7296918-1DD6-4BDD-9DE2-64A83CC13884): 0
LogInit: Compiled (64-bit): Nov 12 2016 02:14:10
LogInit: Compiled with Visual C++: 19.00.23026.00
LogInit: Build Configuration: Development
LogInit: Branch Name: ++UE4+Release-4.14
LogInit: Command line: -EpicPortal
LogInit: Base directory: E:/Games/Epic Games/4.14/Engine/Binaries/Win64/
LogInit: Installed Engine Build: 1
LogInit: Presizing for max 8388607 objects, including 0 objects not considered by GC, pre-allocating 0 bytes for permanent pool.
LogInit: Object subsystem initialized
[2016.11.29-00.10.36:475][  0]LogInit: Selected Device Profile: [Windows]
[2016.11.29-00.10.36:475][  0]LogInit: Applying CVar settings loaded from the selected device profile: [Windows]
[2016.11.29-00.10.36:692][  0]LogInit: Computer: DESKTOP-47GFG8L
[2016.11.29-00.10.36:692][  0]LogInit: User: Dean
[2016.11.29-00.10.36:692][  0]LogInit: CPU Page size=65536, Cores=2
[2016.11.29-00.10.36:692][  0]LogInit: High frequency timer resolution =1.851186 MHz
[2016.11.29-00.10.36:693][  0]LogMemory: Memory total: Physical=7.9GB (8GB approx)
[2016.11.29-00.10.36:693][  0]LogMemory: Platform Memory Stats for Windows
[2016.11.29-00.10.36:693][  0]LogMemory: Process Physical Memory: 264.52 MB used, 264.52 MB peak
[2016.11.29-00.10.36:693][  0]LogMemory: Process Virtual Memory: 262.32 MB used, 262.32 MB peak
[2016.11.29-00.10.36:693][  0]LogMemory: Physical Memory: 6428.89 MB used,  1686.38 MB free, 8115.27 MB total
[2016.11.29-00.10.36:693][  0]LogMemory: Virtual Memory: 674.58 MB used,  1686.38 MB free, 134217728.00 MB total
[2016.11.29-00.10.36:748][  0]LogTextLocalizationManager: No translations for ('ru-RU') exist, falling back to 'en' for localization and internationalization data.
[2016.11.29-00.10.45:121][  0]LogD3D11RHI: D3D11 adapters:
[2016.11.29-00.10.45:170][  0]LogD3D11RHI:    0. 'NVIDIA GeForce 820M        ' (Feature Level 11_0)
[2016.11.29-00.10.45:170][  0]LogD3D11RHI:       1996/0/2047 MB DedicatedVideo/DedicatedSystem/SharedSystem, Outputs:1, VendorId:0x10de
[2016.11.29-00.10.45:191][  0]LogD3D11RHI:    1. 'Intel(R) HD Graphics Family' (Feature Level 11_0)
[2016.11.29-00.10.45:191][  0]LogD3D11RHI:       112/0/2048 MB DedicatedVideo/DedicatedSystem/SharedSystem, Outputs:0, VendorId:0x8086
[2016.11.29-00.10.45:198][  0]LogD3D11RHI:    2. 'Microsoft Basic Render Driver' (Feature Level 11_0)
[2016.11.29-00.10.45:198][  0]LogD3D11RHI:       0/0/4057 MB DedicatedVideo/DedicatedSystem/SharedSystem, Outputs:0, VendorId:0x1414
[2016.11.29-00.10.45:198][  0]LogD3D11RHI: Chosen D3D11 Adapter: 0
[2016.11.29-00.10.45:208][  0]LogD3D11RHI: Creating new Direct3DDevice
[2016.11.29-00.10.45:209][  0]LogD3D11RHI:     GPU DeviceId: 0x1140 (for the marketing name, search the web for "GPU Device Id")
[2016.11.29-00.10.45:209][  0]LogWindows: EnumDisplayDevices:
[2016.11.29-00.10.45:209][  0]LogWindows:    0. 'Intel(R) HD Graphics Family' (P:1 D:1)
[2016.11.29-00.10.45:210][  0]LogWindows:    1. 'Intel(R) HD Graphics Family' (P:0 D:0)
[2016.11.29-00.10.45:210][  0]LogWindows:    2. 'Intel(R) HD Graphics Family' (P:0 D:0)
[2016.11.29-00.10.45:211][  0]LogWindows: DebugString: PrimaryIsNotTheChoosenAdapter PrimaryIsNotTheChoosenAdapter PrimaryIsNotTheChoosenAdapter FoundDriverCount:0 
[2016.11.29-00.10.45:211][  0]LogD3D11RHI:     Adapter Name: NVIDIA GeForce 820M        
[2016.11.29-00.10.45:211][  0]LogD3D11RHI:   Driver Version: Unknown (internal:Unknown, unified:Unknown)
[2016.11.29-00.10.45:211][  0]LogD3D11RHI:      Driver Date: Unknown
[2016.11.29-00.10.45:211][  0]LogRHI: Texture pool is 1361 MB (70% of 1945 MB)
[2016.11.29-00.10.45:232][  0]LogD3D11RHI: Async texture creation enabled
[2016.11.29-00.10.45:269][  0]LogD3D11RHI: GPU Timing Frequency: 1000.000000 (Debug: 2 2)
[2016.11.29-00.10.45:270][  0]LogShaderCompilers: Guid format shader working directory is -4 characters bigger than the processId version (C:/Users/Dean/Documents/Unreal Projects/DiselPunk/Intermediate/Shaders/WorkingDirectory/3876/).
[2016.11.29-00.10.45:271][  0]LogShaderCompilers: Cleaned the shader compiler working directory 'C:/Users/Dean/AppData/Local/Temp/UnrealShaderWorkingDir/F3E6897D49E05F9156FACB9F4ADCA7EE/'.
[2016.11.29-00.10.45:271][  0]LogShaderCompilers:Display: Using Local Shader Compiler.
[2016.11.29-00.10.50:750][  0]LogTemp:Display: Loaded TP AllDesktopTargetPlatform
[2016.11.29-00.10.50:877][  0]LogTemp:Display: Loaded TP MacClientTargetPlatform
[2016.11.29-00.10.50:987][  0]LogTemp:Display: Loaded TP MacNoEditorTargetPlatform
[2016.11.29-00.10.51:104][  0]LogTemp:Display: Loaded TP MacServerTargetPlatform
[2016.11.29-00.10.51:256][  0]LogTemp:Display: Loaded TP MacTargetPlatform
[2016.11.29-00.10.51:366][  0]LogTemp:Display: Loaded TP WindowsClientTargetPlatform
[2016.11.29-00.10.51:455][  0]LogTemp:Display: Loaded TP WindowsNoEditorTargetPlatform
[2016.11.29-00.10.51:552][  0]LogTemp:Display: Loaded TP WindowsServerTargetPlatform
[2016.11.29-00.10.51:622][  0]LogTemp:Display: Loaded TP WindowsTargetPlatform
[2016.11.29-00.10.51:752][  0]LogTemp:Display: Loaded TP AndroidTargetPlatform
[2016.11.29-00.10.51:843][  0]LogTemp:Display: Loaded TP Android_ASTCTargetPlatform
[2016.11.29-00.10.51:943][  0]LogTemp:Display: Loaded TP Android_ATCTargetPlatform
[2016.11.29-00.10.52:036][  0]LogTemp:Display: Loaded TP Android_DXTTargetPlatform
[2016.11.29-00.10.52:140][  0]LogTemp:Display: Loaded TP Android_ETC1TargetPlatform
[2016.11.29-00.10.52:239][  0]LogTemp:Display: Loaded TP Android_ETC2TargetPlatform
[2016.11.29-00.10.52:421][  0]LogTemp:Display: Loaded TP Android_MultiTargetPlatform
[2016.11.29-00.10.52:422][  0]LogTemp:Display: Loaded TP Android_PVRTCTargetPlatform
[2016.11.29-00.10.52:477][  0]LogTemp:Display: Loaded TP HTML5TargetPlatform
[2016.11.29-00.10.52:649][  0]LogTemp:Display: Loaded TP IOSTargetPlatform
[2016.11.29-00.10.52:711][  0]LogTemp:Display: Loaded TP TVOSTargetPlatform
[2016.11.29-00.10.52:807][  0]LogTemp:Display: Loaded TP LinuxClientTargetPlatform
[2016.11.29-00.10.52:903][  0]LogTemp:Display: Loaded TP LinuxNoEditorTargetPlatform
[2016.11.29-00.10.53:004][  0]LogTemp:Display: Loaded TP LinuxServerTargetPlatform
[2016.11.29-00.10.53:140][  0]LogTemp:Display: Loaded TP LinuxTargetPlatform
[2016.11.29-00.10.53:140][  0]LogTargetPlatformManager:Display: Building Assets For Windows
[2016.11.29-00.10.53:895][  0]LogDerivedDataCache:Display: Max Cache Size: 512 MB
[2016.11.29-00.10.54:551][  0]LogDerivedDataCache: Loaded boot cache 0.65s 50MB C:/Users/Dean/AppData/Local/UnrealEngine/4.14/DerivedDataCache/Boot.ddc.
[2016.11.29-00.10.54:551][  0]LogDerivedDataCache:Display: Loaded Boot cache: C:/Users/Dean/AppData/Local/UnrealEngine/4.14/DerivedDataCache/Boot.ddc
[2016.11.29-00.10.54:551][  0]LogDerivedDataCache: FDerivedDataBackendGraph:  Pak pak cache file C:/Users/Dean/Documents/Unreal Projects/DiselPunk/DerivedDataCache/DDC.ddp not found, will not use a pak cache.
[2016.11.29-00.10.54:551][  0]LogDerivedDataCache: Unable to find inner node Pak for hierarchical cache Hierarchy.
[2016.11.29-00.10.54:551][  0]LogDerivedDataCache: FDerivedDataBackendGraph:  CompressedPak pak cache file C:/Users/Dean/Documents/Unreal Projects/DiselPunk/DerivedDataCache/Compressed.ddp not found, will not use a pak cache.
[2016.11.29-00.10.54:551][  0]LogDerivedDataCache: Unable to find inner node CompressedPak for hierarchical cache Hierarchy.
[2016.11.29-00.10.54:587][  0]LogDerivedDataCache:Display: Pak cache opened for reading ../../../Engine/DerivedDataCache/Compressed.ddp.
[2016.11.29-00.10.54:599][  0]LogDerivedDataCache: Using Local data cache path C:/Users/Dean/AppData/Local/UnrealEngine/Common/DerivedDataCache: Writable
[2016.11.29-00.10.55:059][  0]LogInit: Selected Device Profile: [Windows]
[2016.11.29-00.10.55:065][  0]LogContentStreaming: Texture pool size is 0.00 MB
[2016.11.29-00.10.55:486][  0]LogMeshUtilities: Using QuadricMeshReduction for automatic static mesh reduction
[2016.11.29-00.10.55:548][  0]LogSimplygon: Simplygon DLL not present - disabling.
[2016.11.29-00.10.55:620][  0]LogMeshUtilities: Using SimplygonSwarm for distributed automatic mesh merging
[2016.11.29-00.10.55:620][  0]LogMeshUtilities: No automatic skeletal mesh reduction module available
[2016.11.29-00.10.55:620][  0]LogMeshUtilities: No automatic mesh merging module available
[2016.11.29-00.10.56:727][  0]LogNetVersion: GetLocalNetworkVersion: CL: 3195953, ProjectName: diselpunk, ProjectVersion: , EngineNetworkVersion: 2, GameNetworkVersion: 0, NetworkChecksum: 3496067254
[2016.11.29-00.10.56:812][  0]LogAssetRegistry: FAssetRegistry took 0.0221 seconds to start up
[2016.11.29-00.10.56:893][  0]LogPackageLocalizationCache: Processed 3 localized package path(s) for 1 prioritized culture(s) in 0.035526 seconds
[2016.11.29-00.10.56:908][  0]LogUObjectArray: 31946 objects as part of root set at end of initial load.
[2016.11.29-00.10.56:908][  0]LogUObjectAllocator: 6935848 out of 0 bytes used by permanent object pool.
[2016.11.29-00.10.56:908][  0]LogUObjectArray: CloseDisregardForGC: 0/0 objects in disregard for GC pool
[2016.11.29-00.10.57:053][  0]LogInit: WinSock: version 1.1 (2.2), MaxSocks=32767, MaxUdp=65467
[2016.11.29-00.10.58:674][  0]LogSlate: Using Freetype 2.6.0
[2016.11.29-00.10.58:722][  0]LogSlate: SlateFontCache - WITH_FREETYPE: 1, WITH_HARFBUZZ: 1
[2016.11.29-00.10.58:722][  0]LogSlate: SlateFontCache - WITH_FREETYPE: 1, WITH_HARFBUZZ: 1
[2016.11.29-00.11.42:005][  0]LogTcpMessaging: Initializing TcpMessaging bridge
[2016.11.29-00.11.42:098][  0]LogUdpMessaging: Initializing bridge on interface 0.0.0.0:0 to multicast group 230.0.0.1:6666.
[2016.11.29-00.11.43:511][  0]LogMaterial: Uniform references updated for custom material expression Custom.
[2016.11.29-00.11.44:655][  0]SourceControl: Info Source control is disabled
[2016.11.29-00.11.44:806][  0]SourceControl: Info Source control is disabled
[2016.11.29-00.11.44:930][  0]SourceControl: Info Source control is disabled
[2016.11.29-00.11.45:021][  0]SourceControl: Info Source control is disabled
[2016.11.29-00.11.48:356][  0]LogEngine: Initializing Engine...
[2016.11.29-00.11.48:357][  0]LogHMD: Failed to initialize OpenVR with code 110
[2016.11.29-00.11.49:045][  0]LogAIModule: Creating AISystem for world Untitled
[2016.11.29-00.11.49:058][  0]LogInit: XAudio2 using 'Динамики (Realtek High Definition Audio)' : 2 channels at 48 kHz using 32 bits per sample (channel mask 0x3)
[2016.11.29-00.11.49:091][  0]LogInit: FAudioDevice initialized.
[2016.11.29-00.11.49:151][  0]LogDerivedDataCache: Saved boot cache 0.06s 50MB C:/Users/Dean/AppData/Local/UnrealEngine/4.14/DerivedDataCache/Boot.ddc.
[2016.11.29-00.11.49:169][  0]LogInit: Texture streaming: Enabled
[2016.11.29-00.11.49:585][  0]LogInit: Transaction tracking system initialized
[2016.11.29-00.11.50:161][  0]BlueprintLog: New page: Editor Load
[2016.11.29-00.11.51:683][  0]LocalizationService: Info Localization service is disabled
[2016.11.29-00.11.53:455][  0]LogConsoleResponse:Display: 
[2016.11.29-00.11.54:255][  0]LogCook:Display: Max memory allowance for cook 16384mb min free memory 0mb
[2016.11.29-00.11.54:255][  0]LogCook:Display: Mobile HDR setting 1
[2016.11.29-00.11.55:260][  0]LogFileCache: Scanning file cache for directory 'C:/Users/Dean/Documents/Unreal Projects/DiselPunk/Content/' took 0.03s
[2016.11.29-00.11.57:595][  0]SourceControl: Info Source control is disabled
[2016.11.29-00.11.57:596][  0]Cmd: MAP LOAD FILE="C:/Users/Dean/Documents/Unreal Projects/DiselPunk/Content/FirstPersonBP/Maps/FirstPersonExampleMap.umap" TEMPLATE=0 SHOWPROGRESS=1 FEATURELEVEL=3
[2016.11.29-00.11.57:597][  0]LightingResults: New page: Lighting Build
[2016.11.29-00.11.57:715][  0]MapCheck: New page: Map Check
[2016.11.29-00.11.57:715][  0]LightingResults: New page: Lighting Build
[2016.11.29-00.12.00:424][  0]LogAIModule: Creating AISystem for world FirstPersonExampleMap
[2016.11.29-00.12.00:985][  0]LogEditorServer: Finished looking for orphan Actors (0.000 secs)
[2016.11.29-00.12.00:986][  0]Cmd: MAP CHECKDEP NOCLEARLOG
[2016.11.29-00.12.01:080][  0]MapCheck: Info Map check complete: 0 Error(s), 0 Warning(s), took 93.327ms to complete.
[2016.11.29-00.12.01:080][  0]LogFileHelpers: Loading map 'FirstPersonExampleMap' took 3.484
[2016.11.29-00.12.01:408][  0]LogCollectionManager: Loaded 0 collections in 0.003558 seconds
[2016.11.29-00.12.01:510][  0]LogFileCache: Scanning file cache for directory 'C:/Users/Dean/Documents/Unreal Projects/DiselPunk/Saved/Collections/' took 0.01s
[2016.11.29-00.12.01:510][  0]LogFileCache: Scanning file cache for directory 'C:/Users/Dean/Documents/Unreal Projects/DiselPunk/Content/Developers/Dean/Collections/' took 0.01s
[2016.11.29-00.12.01:510][  0]LogFileCache: Scanning file cache for directory 'C:/Users/Dean/Documents/Unreal Projects/DiselPunk/Content/Collections/' took 0.01s
[2016.11.29-00.12.01:510][  0]LogCollectionManager: Rebuilt the GUID cache for 0 collections in 0.000003 seconds
[2016.11.29-00.12.01:535][  0]LogContentBrowser: Native class hierarchy populated in 0.0241 seconds. Added 2191 classes and 430 folders.
[2016.11.29-00.12.01:605][  0]LogStats: UGameplayTagsManager::ConstructGameplayTagTree: Construct from data asset -  0.000 s
[2016.11.29-00.12.01:605][  0]LogStats: UGameplayTagsManager::ConstructGameplayTagTree: GameplayTagTreeChangedEvent.Broadcast -  0.000 s
[2016.11.29-00.12.01:607][  0]LogContentBrowser: Native class hierarchy updated for 'GameplayTags' in 0.0024 seconds. Added 13 classes and 0 folders.
[2016.11.29-00.12.01:710][  0]LogContentBrowser: Native class hierarchy updated for 'WidgetCarousel' in 0.0018 seconds. Added 0 classes and 0 folders.
[2016.11.29-00.12.03:286][  0]LogContentBrowser: Native class hierarchy updated for 'AddContentDialog' in 0.0032 seconds. Added 0 classes and 0 folders.
[2016.11.29-00.12.03:408][  0]LogContentBrowser: Native class hierarchy updated for 'SceneOutliner' in 0.0043 seconds. Added 1 classes and 2 folders.
[2016.11.29-00.12.03:519][  0]LogCrashTracker: Crashtracker disabled due to settings.
[2016.11.29-00.12.03:532][  0]LogUObjectGlobals:Warning: Failed to find object 'Class None.'
[2016.11.29-00.12.03:676][  0]LogContentBrowser: Native class hierarchy updated for 'HierarchicalLODOutliner' in 0.0032 seconds. Added 1 classes and 2 folders.
[2016.11.29-00.12.03:676][  0]LogLoad: (Engine Initialization) Total time: 91.37 seconds
[2016.11.29-00.12.03:676][  0]LogLoad: (Engine Initialization) Total Blueprint compile time: 0.70 seconds
[2016.11.29-00.12.03:676][  0]LogExternalProfiler: Found external profiler: VSPerf
[2016.11.29-00.12.03:676][  0]LogExternalProfiler: Using external profiler: VSPerf
[2016.11.29-00.12.04:016][  0]LogOcInput: OculusInput pre-init called
[2016.11.29-00.12.04:036][  0]LogContentStreaming: Texture pool size now 800 MB
[2016.11.29-00.12.04:639][  0]LogRenderer: Reallocating scene render targets to support 876x396 NumSamples 1 (Frame:2).
[2016.11.29-00.12.05:453][  3]LogAssetRegistry: Asset discovery search completed in 68.6636 seconds
[2016.11.29-00.12.05:453][  3]LogCollectionManager: Rebuilt the object cache for 0 collections in 0.000001 seconds (found 0 objects)
[2016.11.29-00.12.05:453][  3]LogCollectionManager: Fixed up redirectors for 0 collections in 0.000023 seconds (updated 0 objects)
[2016.11.29-00.12.19:411][226]LogTemp: Repeting last play command: Selected Viewport
[2016.11.29-00.12.19:439][226]LogBlueprintUserMessages: Early PlayInEditor Detection: Level '/Game/FirstPersonBP/Maps/FirstPersonExampleMap.FirstPersonExampleMap:PersistentLevel' has LevelScriptBlueprint '/Game/FirstPersonBP/Maps/FirstPersonExampleMap.FirstPersonExampleMap:PersistentLevel.FirstPersonExampleMap' with GeneratedClass '/Game/FirstPersonBP/Maps/FirstPersonExampleMap.FirstPersonExampleMap_C' with ClassGeneratedBy '/Game/FirstPersonBP/Maps/FirstPersonExampleMap.FirstPersonExampleMap:PersistentLevel.FirstPersonExampleMap'
[2016.11.29-00.12.19:439][226]LogPlayLevel: PlayLevel: No blueprints needed recompiling
[2016.11.29-00.12.19:440][226]PIE: New page: PIE session: FirstPersonExampleMap (Nov 29, 2016, 4:12:19 AM)
[2016.11.29-00.12.19:440][226]LogPlayLevel: Creating play world package: /Game/FirstPersonBP/Maps/UEDPIE_0_FirstPersonExampleMap
[2016.11.29-00.12.19:513][226]LogPlayLevel: PIE: StaticDuplicateObject took: (0.072246s)
[2016.11.29-00.12.19:514][226]LogAIModule: Creating AISystem for world FirstPersonExampleMap
[2016.11.29-00.12.19:516][226]LogPlayLevel: PIE: World Init took: (0.003482s)
[2016.11.29-00.12.19:516][226]LogPlayLevel: PIE: Created PIE world by copying editor world from /Game/FirstPersonBP/Maps/FirstPersonExampleMap.FirstPersonExampleMap to /Game/FirstPersonBP/Maps/UEDPIE_0_FirstPersonExampleMap.FirstPersonExampleMap (0.076284s)
[2016.11.29-00.12.19:589][226]LogInit: XAudio2 using 'Динамики (Realtek High Definition Audio)' : 2 channels at 48 kHz using 32 bits per sample (channel mask 0x3)
[2016.11.29-00.12.19:608][226]LogInit: FAudioDevice initialized.
[2016.11.29-00.12.19:660][226]LogLoad: Game class is 'FirstPersonGameMode_C'
[2016.11.29-00.12.19:683][226]LogWorld: Bringing World /Game/FirstPersonBP/Maps/UEDPIE_0_FirstPersonExampleMap.FirstPersonExampleMap up for play (max tick rate 0) at 2016.11.29-02.12.19
[2016.11.29-00.12.19:684][226]LogWorld: Bringing up level for play took: 0.022011
[2016.11.29-00.12.19:806][226]LogContentBrowser: Native class hierarchy updated for 'MovieSceneCapture' in 0.0021 seconds. Added 11 classes and 0 folders.
[2016.11.29-00.12.19:807][226]PIE: Info Play in editor start time for /Game/FirstPersonBP/Maps/UEDPIE_0_FirstPersonExampleMap 0.025
[2016.11.29-00.12.19:807][226]LogBlueprintUserMessages: Late PlayInEditor Detection: Level '/Game/FirstPersonBP/Maps/FirstPersonExampleMap.FirstPersonExampleMap:PersistentLevel' has LevelScriptBlueprint '/Game/FirstPersonBP/Maps/FirstPersonExampleMap.FirstPersonExampleMap:PersistentLevel.FirstPersonExampleMap' with GeneratedClass '/Game/FirstPersonBP/Maps/FirstPersonExampleMap.FirstPersonExampleMap_C' with ClassGeneratedBy '/Game/FirstPersonBP/Maps/FirstPersonExampleMap.FirstPersonExampleMap:PersistentLevel.FirstPersonExampleMap'
[2016.11.29-00.12.29:635][735]LogBlueprintUserMessages: Early EndPlayMap Detection: Level '/Game/FirstPersonBP/Maps/FirstPersonExampleMap.FirstPersonExampleMap:PersistentLevel' has LevelScriptBlueprint '/Game/FirstPersonBP/Maps/FirstPersonExampleMap.FirstPersonExampleMap:PersistentLevel.FirstPersonExampleMap' with GeneratedClass '/Game/FirstPersonBP/Maps/FirstPersonExampleMap.FirstPersonExampleMap_C' with ClassGeneratedBy '/Game/FirstPersonBP/Maps/FirstPersonExampleMap.FirstPersonExampleMap:PersistentLevel.FirstPersonExampleMap'
[2016.11.29-00.12.29:694][735]LogBlueprintUserMessages: Late EndPlayMap Detection: Level '/Game/FirstPersonBP/Maps/FirstPersonExampleMap.FirstPersonExampleMap:PersistentLevel' has LevelScriptBlueprint '/Game/FirstPersonBP/Maps/FirstPersonExampleMap.FirstPersonExampleMap:PersistentLevel.FirstPersonExampleMap' with GeneratedClass '/Game/FirstPersonBP/Maps/FirstPersonExampleMap.FirstPersonExampleMap_C' with ClassGeneratedBy '/Game/FirstPersonBP/Maps/FirstPersonExampleMap.FirstPersonExampleMap:PersistentLevel.FirstPersonExampleMap'
[2016.11.29-00.12.39:750][120]LogRenderer: Reallocating scene render targets to support 1016x612 NumSamples 1 (Frame:1332).
[2016.11.29-00.12.49:922][389]LogTemp: Repeting last play command: Selected Viewport
[2016.11.29-00.12.49:975][389]LogBlueprintUserMessages: Early PlayInEditor Detection: Level '/Game/FirstPersonBP/Maps/FirstPersonExampleMap.FirstPersonExampleMap:PersistentLevel' has LevelScriptBlueprint '/Game/FirstPersonBP/Maps/FirstPersonExampleMap.FirstPersonExampleMap:PersistentLevel.FirstPersonExampleMap' with GeneratedClass '/Game/FirstPersonBP/Maps/FirstPersonExampleMap.FirstPersonExampleMap_C' with ClassGeneratedBy '/Game/FirstPersonBP/Maps/FirstPersonExampleMap.FirstPersonExampleMap:PersistentLevel.FirstPersonExampleMap'
[2016.11.29-00.12.49:975][389]LogPlayLevel: PlayLevel: No blueprints needed recompiling
[2016.11.29-00.12.49:975][389]PIE: New page: PIE session: FirstPersonExampleMap (Nov 29, 2016, 4:12:49 AM)
[2016.11.29-00.12.49:975][389]LogPlayLevel: Creating play world package: /Game/FirstPersonBP/Maps/UEDPIE_0_FirstPersonExampleMap
[2016.11.29-00.12.50:043][389]LogPlayLevel: PIE: StaticDuplicateObject took: (0.067887s)
[2016.11.29-00.12.50:044][389]LogAIModule: Creating AISystem for world FirstPersonExampleMap
[2016.11.29-00.12.50:045][389]LogPlayLevel: PIE: World Init took: (0.001688s)
[2016.11.29-00.12.50:045][389]LogPlayLevel: PIE: Created PIE world by copying editor world from /Game/FirstPersonBP/Maps/FirstPersonExampleMap.FirstPersonExampleMap to /Game/FirstPersonBP/Maps/UEDPIE_0_FirstPersonExampleMap.FirstPersonExampleMap (0.070079s)
[2016.11.29-00.12.50:136][389]LogInit: XAudio2 using 'Динамики (Realtek High Definition Audio)' : 2 channels at 48 kHz using 32 bits per sample (channel mask 0x3)
[2016.11.29-00.12.50:189][389]LogInit: FAudioDevice initialized.
[2016.11.29-00.12.50:228][389]LogLoad: Game class is 'FirstPersonGameMode_C'
[2016.11.29-00.12.50:232][389]LogWorld: Bringing World /Game/FirstPersonBP/Maps/UEDPIE_0_FirstPersonExampleMap.FirstPersonExampleMap up for play (max tick rate 0) at 2016.11.29-02.12.50
[2016.11.29-00.12.50:233][389]LogWorld: Bringing up level for play took: 0.004132
[2016.11.29-00.12.50:236][389]PIE: Info Play in editor start time for /Game/FirstPersonBP/Maps/UEDPIE_0_FirstPersonExampleMap 0.455
[2016.11.29-00.12.50:236][389]LogBlueprintUserMessages: Late PlayInEditor Detection: Level '/Game/FirstPersonBP/Maps/FirstPersonExampleMap.FirstPersonExampleMap:PersistentLevel' has LevelScriptBlueprint '/Game/FirstPersonBP/Maps/FirstPersonExampleMap.FirstPersonExampleMap:PersistentLevel.FirstPersonExampleMap' with GeneratedClass '/Game/FirstPersonBP/Maps/FirstPersonExampleMap.FirstPersonExampleMap_C' with ClassGeneratedBy '/Game/FirstPersonBP/Maps/FirstPersonExampleMap.FirstPersonExampleMap:PersistentLevel.FirstPersonExampleMap'
[2016.11.29-00.12.57:054][694]LogBlueprintUserMessages: Early EndPlayMap Detection: Level '/Game/FirstPersonBP/Maps/FirstPersonExampleMap.FirstPersonExampleMap:PersistentLevel' has LevelScriptBlueprint '/Game/FirstPersonBP/Maps/FirstPersonExampleMap.FirstPersonExampleMap:PersistentLevel.FirstPersonExampleMap' with GeneratedClass '/Game/FirstPersonBP/Maps/FirstPersonExampleMap.FirstPersonExampleMap_C' with ClassGeneratedBy '/Game/FirstPersonBP/Maps/FirstPersonExampleMap.FirstPersonExampleMap:PersistentLevel.FirstPersonExampleMap'
[2016.11.29-00.12.57:112][694]LogBlueprintUserMessages: Late EndPlayMap Detection: Level '/Game/FirstPersonBP/Maps/FirstPersonExampleMap.FirstPersonExampleMap:PersistentLevel' has LevelScriptBlueprint '/Game/FirstPersonBP/Maps/FirstPersonExampleMap.FirstPersonExampleMap:PersistentLevel.FirstPersonExampleMap' with GeneratedClass '/Game/FirstPersonBP/Maps/FirstPersonExampleMap.FirstPersonExampleMap_C' with ClassGeneratedBy '/Game/FirstPersonBP/Maps/FirstPersonExampleMap.FirstPersonExampleMap:PersistentLevel.FirstPersonExampleMap'
[2016.11.29-00.13.15:052][431]LogTexture:Display: Building textures: T_Dust_Particle_D (AutoDXT)
[2016.11.29-00.13.21:957][721]LogTemp: Repeting last play command: Selected Viewport
[2016.11.29-00.13.22:003][721]LogBlueprintUserMessages: Early PlayInEditor Detection: Level '/Game/FirstPersonBP/Maps/FirstPersonExampleMap.FirstPersonExampleMap:PersistentLevel' has LevelScriptBlueprint '/Game/FirstPersonBP/Maps/FirstPersonExampleMap.FirstPersonExampleMap:PersistentLevel.FirstPersonExampleMap' with GeneratedClass '/Game/FirstPersonBP/Maps/FirstPersonExampleMap.FirstPersonExampleMap_C' with ClassGeneratedBy '/Game/FirstPersonBP/Maps/FirstPersonExampleMap.FirstPersonExampleMap:PersistentLevel.FirstPersonExampleMap'
[2016.11.29-00.13.22:003][721]LogPlayLevel: PlayLevel: No blueprints needed recompiling
[2016.11.29-00.13.22:003][721]PIE: New page: PIE session: FirstPersonExampleMap (Nov 29, 2016, 4:13:22 AM)
[2016.11.29-00.13.22:003][721]LogPlayLevel: Creating play world package: /Game/FirstPersonBP/Maps/UEDPIE_0_FirstPersonExampleMap
[2016.11.29-00.13.22:083][721]LogPlayLevel: PIE: StaticDuplicateObject took: (0.079473s)
[2016.11.29-00.13.22:085][721]LogAIModule: Creating AISystem for world FirstPersonExampleMap
[2016.11.29-00.13.22:085][721]LogPlayLevel: PIE: World Init took: (0.001781s)
[2016.11.29-00.13.22:085][721]LogPlayLevel: PIE: Created PIE world by copying editor world from /Game/FirstPersonBP/Maps/FirstPersonExampleMap.FirstPersonExampleMap to /Game/FirstPersonBP/Maps/UEDPIE_0_FirstPersonExampleMap.FirstPersonExampleMap (0.081777s)
[2016.11.29-00.13.22:140][721]LogInit: XAudio2 using 'Динамики (Realtek High Definition Audio)' : 2 channels at 48 kHz using 32 bits per sample (channel mask 0x3)
[2016.11.29-00.13.22:171][721]LogInit: FAudioDevice initialized.
[2016.11.29-00.13.22:209][721]LogLoad: Game class is 'FirstPersonGameMode_C'
[2016.11.29-00.13.22:213][721]LogWorld: Bringing World /Game/FirstPersonBP/Maps/UEDPIE_0_FirstPersonExampleMap.FirstPersonExampleMap up for play (max tick rate 0) at 2016.11.29-02.13.22
[2016.11.29-00.13.22:254][721]LogWorld: Bringing up level for play took: 0.044394
[2016.11.29-00.13.22:257][721]PIE: Info Play in editor start time for /Game/FirstPersonBP/Maps/UEDPIE_0_FirstPersonExampleMap 0.476
[2016.11.29-00.13.22:257][721]LogBlueprintUserMessages: Late PlayInEditor Detection: Level '/Game/FirstPersonBP/Maps/FirstPersonExampleMap.FirstPersonExampleMap:PersistentLevel' has LevelScriptBlueprint '/Game/FirstPersonBP/Maps/FirstPersonExampleMap.FirstPersonExampleMap:PersistentLevel.FirstPersonExampleMap' with GeneratedClass '/Game/FirstPersonBP/Maps/FirstPersonExampleMap.FirstPersonExampleMap_C' with ClassGeneratedBy '/Game/FirstPersonBP/Maps/FirstPersonExampleMap.FirstPersonExampleMap:PersistentLevel.FirstPersonExampleMap'
[2016.11.29-00.13.33:015][256]LogBlueprintUserMessages: Early EndPlayMap Detection: Level '/Game/FirstPersonBP/Maps/FirstPersonExampleMap.FirstPersonExampleMap:PersistentLevel' has LevelScriptBlueprint '/Game/FirstPersonBP/Maps/FirstPersonExampleMap.FirstPersonExampleMap:PersistentLevel.FirstPersonExampleMap' with GeneratedClass '/Game/FirstPersonBP/Maps/FirstPersonExampleMap.FirstPersonExampleMap_C' with ClassGeneratedBy '/Game/FirstPersonBP/Maps/FirstPersonExampleMap.FirstPersonExampleMap:PersistentLevel.FirstPersonExampleMap'
[2016.11.29-00.13.33:083][256]LogBlueprintUserMessages: Late EndPlayMap Detection: Level '/Game/FirstPersonBP/Maps/FirstPersonExampleMap.FirstPersonExampleMap:PersistentLevel' has LevelScriptBlueprint '/Game/FirstPersonBP/Maps/FirstPersonExampleMap.FirstPersonExampleMap:PersistentLevel.FirstPersonExampleMap' with GeneratedClass '/Game/FirstPersonBP/Maps/FirstPersonExampleMap.FirstPersonExampleMap_C' with ClassGeneratedBy '/Game/FirstPersonBP/Maps/FirstPersonExampleMap.FirstPersonExampleMap:PersistentLevel.FirstPersonExampleMap'
[2016.11.29-00.13.35:438][362]LogEditorViewport: Clicking on Actor (LMB): StaticMeshActor (interior)
[2016.11.29-00.13.56:358][126]LogEditorViewport: Clicking on Actor (LMB): Emitter (P_Ambient_Dust)
[2016.11.29-00.15.05:550][182]LogTemp: Repeting last play command: Selected Viewport
[2016.11.29-00.15.05:582][182]LogBlueprintUserMessages: Early PlayInEditor Detection: Level '/Game/FirstPersonBP/Maps/FirstPersonExampleMap.FirstPersonExampleMap:PersistentLevel' has LevelScriptBlueprint '/Game/FirstPersonBP/Maps/FirstPersonExampleMap.FirstPersonExampleMap:PersistentLevel.FirstPersonExampleMap' with GeneratedClass '/Game/FirstPersonBP/Maps/FirstPersonExampleMap.FirstPersonExampleMap_C' with ClassGeneratedBy '/Game/FirstPersonBP/Maps/FirstPersonExampleMap.FirstPersonExampleMap:PersistentLevel.FirstPersonExampleMap'
[2016.11.29-00.15.05:582][182]LogPlayLevel: PlayLevel: No blueprints needed recompiling
[2016.11.29-00.15.05:582][182]PIE: New page: PIE session: FirstPersonExampleMap (Nov 29, 2016, 4:15:05 AM)
[2016.11.29-00.15.05:583][182]LogPlayLevel: Creating play world package: /Game/FirstPersonBP/Maps/UEDPIE_0_FirstPersonExampleMap
[2016.11.29-00.15.05:647][182]LogPlayLevel: PIE: StaticDuplicateObject took: (0.063884s)
[2016.11.29-00.15.05:649][182]LogAIModule: Creating AISystem for world FirstPersonExampleMap
[2016.11.29-00.15.05:649][182]LogPlayLevel: PIE: World Init took: (0.002370s)
[2016.11.29-00.15.05:649][182]LogPlayLevel: PIE: Created PIE world by copying editor world from /Game/FirstPersonBP/Maps/FirstPersonExampleMap.FirstPersonExampleMap to /Game/FirstPersonBP/Maps/UEDPIE_0_FirstPersonExampleMap.FirstPersonExampleMap (0.066804s)
[2016.11.29-00.15.05:706][182]LogInit: XAudio2 using 'Динамики (Realtek High Definition Audio)' : 2 channels at 48 kHz using 32 bits per sample (channel mask 0x3)
[2016.11.29-00.15.05:725][182]LogInit: FAudioDevice initialized.
[2016.11.29-00.15.05:760][182]LogLoad: Game class is 'FirstPersonGameMode_C'
[2016.11.29-00.15.05:765][182]LogWorld: Bringing World /Game/FirstPersonBP/Maps/UEDPIE_0_FirstPersonExampleMap.FirstPersonExampleMap up for play (max tick rate 0) at 2016.11.29-02.15.05
[2016.11.29-00.15.05:766][182]LogWorld: Bringing up level for play took: 0.005082
[2016.11.29-00.15.05:767][182]PIE: Info Play in editor start time for /Game/FirstPersonBP/Maps/UEDPIE_0_FirstPersonExampleMap -0.014
[2016.11.29-00.15.05:768][182]LogBlueprintUserMessages: Late PlayInEditor Detection: Level '/Game/FirstPersonBP/Maps/FirstPersonExampleMap.FirstPersonExampleMap:PersistentLevel' has LevelScriptBlueprint '/Game/FirstPersonBP/Maps/FirstPersonExampleMap.FirstPersonExampleMap:PersistentLevel.FirstPersonExampleMap' with GeneratedClass '/Game/FirstPersonBP/Maps/FirstPersonExampleMap.FirstPersonExampleMap_C' with ClassGeneratedBy '/Game/FirstPersonBP/Maps/FirstPersonExampleMap.FirstPersonExampleMap:PersistentLevel.FirstPersonExampleMap'
[2016.11.29-00.15.26:136][116]LogBlueprintUserMessages: Early EndPlayMap Detection: Level '/Game/FirstPersonBP/Maps/FirstPersonExampleMap.FirstPersonExampleMap:PersistentLevel' has LevelScriptBlueprint '/Game/FirstPersonBP/Maps/FirstPersonExampleMap.FirstPersonExampleMap:PersistentLevel.FirstPersonExampleMap' with GeneratedClass '/Game/FirstPersonBP/Maps/FirstPersonExampleMap.FirstPersonExampleMap_C' with ClassGeneratedBy '/Game/FirstPersonBP/Maps/FirstPersonExampleMap.FirstPersonExampleMap:PersistentLevel.FirstPersonExampleMap'
[2016.11.29-00.15.26:216][116]LogBlueprintUserMessages: Late EndPlayMap Detection: Level '/Game/FirstPersonBP/Maps/FirstPersonExampleMap.FirstPersonExampleMap:PersistentLevel' has LevelScriptBlueprint '/Game/FirstPersonBP/Maps/FirstPersonExampleMap.FirstPersonExampleMap:PersistentLevel.FirstPersonExampleMap' with GeneratedClass '/Game/FirstPersonBP/Maps/FirstPersonExampleMap.FirstPersonExampleMap_C' with ClassGeneratedBy '/Game/FirstPersonBP/Maps/FirstPersonExampleMap.FirstPersonExampleMap:PersistentLevel.FirstPersonExampleMap'
[2016.11.29-00.15.42:117][243]Cmd: DELETE
[2016.11.29-00.15.42:117][243]Cmd: ACTOR DELETE
[2016.11.29-00.15.42:119][243]LogEditorActor: Deleted Actor: Emitter
[2016.11.29-00.15.42:165][243]LogEditorActor: Deleted 1 Actors (0.047 secs)
[2016.11.29-00.16.13:020][541]LogTemp: Repeting last play command: Selected Viewport
[2016.11.29-00.16.13:051][541]LogBlueprintUserMessages: Early PlayInEditor Detection: Level '/Game/FirstPersonBP/Maps/FirstPersonExampleMap.FirstPersonExampleMap:PersistentLevel' has LevelScriptBlueprint '/Game/FirstPersonBP/Maps/FirstPersonExampleMap.FirstPersonExampleMap:PersistentLevel.FirstPersonExampleMap' with GeneratedClass '/Game/FirstPersonBP/Maps/FirstPersonExampleMap.FirstPersonExampleMap_C' with ClassGeneratedBy '/Game/FirstPersonBP/Maps/FirstPersonExampleMap.FirstPersonExampleMap:PersistentLevel.FirstPersonExampleMap'
[2016.11.29-00.16.13:052][541]LogPlayLevel: PlayLevel: No blueprints needed recompiling
[2016.11.29-00.16.13:052][541]PIE: New page: PIE session: FirstPersonExampleMap (Nov 29, 2016, 4:16:13 AM)
[2016.11.29-00.16.13:052][541]LogPlayLevel: Creating play world package: /Game/FirstPersonBP/Maps/UEDPIE_0_FirstPersonExampleMap
[2016.11.29-00.16.13:122][541]LogPlayLevel: PIE: StaticDuplicateObject took: (0.069999s)
[2016.11.29-00.16.13:123][541]LogAIModule: Creating AISystem for world FirstPersonExampleMap
[2016.11.29-00.16.13:124][541]LogPlayLevel: PIE: World Init took: (0.001706s)
[2016.11.29-00.16.13:124][541]LogPlayLevel: PIE: Created PIE world by copying editor world from /Game/FirstPersonBP/Maps/FirstPersonExampleMap.FirstPersonExampleMap to /Game/FirstPersonBP/Maps/UEDPIE_0_FirstPersonExampleMap.FirstPersonExampleMap (0.072269s)
[2016.11.29-00.16.13:179][541]LogInit: XAudio2 using 'Динамики (Realtek High Definition Audio)' : 2 channels at 48 kHz using 32 bits per sample (channel mask 0x3)
[2016.11.29-00.16.13:208][541]LogInit: FAudioDevice initialized.
[2016.11.29-00.16.13:250][541]LogLoad: Game class is 'FirstPersonGameMode_C'
[2016.11.29-00.16.13:254][541]LogWorld: Bringing World /Game/FirstPersonBP/Maps/UEDPIE_0_FirstPersonExampleMap.FirstPersonExampleMap up for play (max tick rate 0) at 2016.11.29-02.16.13
[2016.11.29-00.16.13:255][541]LogWorld: Bringing up level for play took: 0.004069
[2016.11.29-00.16.13:257][541]PIE: Info Play in editor start time for /Game/FirstPersonBP/Maps/UEDPIE_0_FirstPersonExampleMap -0.524
[2016.11.29-00.16.13:257][541]LogBlueprintUserMessages: Late PlayInEditor Detection: Level '/Game/FirstPersonBP/Maps/FirstPersonExampleMap.FirstPersonExampleMap:PersistentLevel' has LevelScriptBlueprint '/Game/FirstPersonBP/Maps/FirstPersonExampleMap.FirstPersonExampleMap:PersistentLevel.FirstPersonExampleMap' with GeneratedClass '/Game/FirstPersonBP/Maps/FirstPersonExampleMap.FirstPersonExampleMap_C' with ClassGeneratedBy '/Game/FirstPersonBP/Maps/FirstPersonExampleMap.FirstPersonExampleMap:PersistentLevel.FirstPersonExampleMap'
[2016.11.29-00.16.22:451][952]LogBlueprintUserMessages: Early EndPlayMap Detection: Level '/Game/FirstPersonBP/Maps/FirstPersonExampleMap.FirstPersonExampleMap:PersistentLevel' has LevelScriptBlueprint '/Game/FirstPersonBP/Maps/FirstPersonExampleMap.FirstPersonExampleMap:PersistentLevel.FirstPersonExampleMap' with GeneratedClass '/Game/FirstPersonBP/Maps/FirstPersonExampleMap.FirstPersonExampleMap_C' with ClassGeneratedBy '/Game/FirstPersonBP/Maps/FirstPersonExampleMap.FirstPersonExampleMap:PersistentLevel.FirstPersonExampleMap'
[2016.11.29-00.16.22:524][952]LogBlueprintUserMessages: Late EndPlayMap Detection: Level '/Game/FirstPersonBP/Maps/FirstPersonExampleMap.FirstPersonExampleMap:PersistentLevel' has LevelScriptBlueprint '/Game/FirstPersonBP/Maps/FirstPersonExampleMap.FirstPersonExampleMap:PersistentLevel.FirstPersonExampleMap' with GeneratedClass '/Game/FirstPersonBP/Maps/FirstPersonExampleMap.FirstPersonExampleMap_C' with ClassGeneratedBy '/Game/FirstPersonBP/Maps/FirstPersonExampleMap.FirstPersonExampleMap:PersistentLevel.FirstPersonExampleMap'
[2016.11.29-00.16.27:370][154]LogEditorViewport: Clicking on Actor (LMB): Emitter (P_Steam_Lit)
[2016.11.29-00.16.28:584][208]Cmd: DELETE
[2016.11.29-00.16.28:584][208]Cmd: ACTOR DELETE
[2016.11.29-00.16.28:585][208]LogEditorActor: Deleted Actor: Emitter
[2016.11.29-00.16.28:621][208]LogEditorActor: Deleted 1 Actors (0.037 secs)
[2016.11.29-00.16.54:957][224]LogRenderer: Reallocating scene render targets to support 1016x612 NumSamples 1 (Frame:12971).
[2016.11.29-00.16.55:126][228]LogContentStreaming: Texture pool size now 3000 MB
[2016.11.29-00.16.56:257][263]LogTemp: Repeting last play command: Selected Viewport
[2016.11.29-00.16.56:305][263]LogBlueprintUserMessages: Early PlayInEditor Detection: Level '/Game/FirstPersonBP/Maps/FirstPersonExampleMap.FirstPersonExampleMap:PersistentLevel' has LevelScriptBlueprint '/Game/FirstPersonBP/Maps/FirstPersonExampleMap.FirstPersonExampleMap:PersistentLevel.FirstPersonExampleMap' with GeneratedClass '/Game/FirstPersonBP/Maps/FirstPersonExampleMap.FirstPersonExampleMap_C' with ClassGeneratedBy '/Game/FirstPersonBP/Maps/FirstPersonExampleMap.FirstPersonExampleMap:PersistentLevel.FirstPersonExampleMap'
[2016.11.29-00.16.56:305][263]LogPlayLevel: PlayLevel: No blueprints needed recompiling
[2016.11.29-00.16.56:305][263]PIE: New page: PIE session: FirstPersonExampleMap (Nov 29, 2016, 4:16:56 AM)
[2016.11.29-00.16.56:305][263]LogPlayLevel: Creating play world package: /Game/FirstPersonBP/Maps/UEDPIE_0_FirstPersonExampleMap
[2016.11.29-00.16.56:369][263]LogPlayLevel: PIE: StaticDuplicateObject took: (0.064041s)
[2016.11.29-00.16.56:370][263]LogAIModule: Creating AISystem for world FirstPersonExampleMap
[2016.11.29-00.16.56:371][263]LogPlayLevel: PIE: World Init took: (0.001366s)
[2016.11.29-00.16.56:371][263]LogPlayLevel: PIE: Created PIE world by copying editor world from /Game/FirstPersonBP/Maps/FirstPersonExampleMap.FirstPersonExampleMap to /Game/FirstPersonBP/Maps/UEDPIE_0_FirstPersonExampleMap.FirstPersonExampleMap (0.065914s)
[2016.11.29-00.16.56:425][263]LogInit: XAudio2 using 'Динамики (Realtek High Definition Audio)' : 2 channels at 48 kHz using 32 bits per sample (channel mask 0x3)
[2016.11.29-00.16.56:444][263]LogInit: FAudioDevice initialized.
[2016.11.29-00.16.56:481][263]LogLoad: Game class is 'FirstPersonGameMode_C'
[2016.11.29-00.16.56:486][263]LogWorld: Bringing World /Game/FirstPersonBP/Maps/UEDPIE_0_FirstPersonExampleMap.FirstPersonExampleMap up for play (max tick rate 0) at 2016.11.29-02.16.56
[2016.11.29-00.16.56:486][263]LogWorld: Bringing up level for play took: 0.004201
[2016.11.29-00.16.56:489][263]PIE: Info Play in editor start time for /Game/FirstPersonBP/Maps/UEDPIE_0_FirstPersonExampleMap 0.707
[2016.11.29-00.16.56:489][263]LogBlueprintUserMessages: Late PlayInEditor Detection: Level '/Game/FirstPersonBP/Maps/FirstPersonExampleMap.FirstPersonExampleMap:PersistentLevel' has LevelScriptBlueprint '/Game/FirstPersonBP/Maps/FirstPersonExampleMap.FirstPersonExampleMap:PersistentLevel.FirstPersonExampleMap' with GeneratedClass '/Game/FirstPersonBP/Maps/FirstPersonExampleMap.FirstPersonExampleMap_C' with ClassGeneratedBy '/Game/FirstPersonBP/Maps/FirstPersonExampleMap.FirstPersonExampleMap:PersistentLevel.FirstPersonExampleMap'
[2016.11.29-00.17.25:632][216]LogBlueprintUserMessages: Early EndPlayMap Detection: Level '/Game/FirstPersonBP/Maps/FirstPersonExampleMap.FirstPersonExampleMap:PersistentLevel' has LevelScriptBlueprint '/Game/FirstPersonBP/Maps/FirstPersonExampleMap.FirstPersonExampleMap:PersistentLevel.FirstPersonExampleMap' with GeneratedClass '/Game/FirstPersonBP/Maps/FirstPersonExampleMap.FirstPersonExampleMap_C' with ClassGeneratedBy '/Game/FirstPersonBP/Maps/FirstPersonExampleMap.FirstPersonExampleMap:PersistentLevel.FirstPersonExampleMap'
[2016.11.29-00.17.25:707][216]LogBlueprintUserMessages: Late EndPlayMap Detection: Level '/Game/FirstPersonBP/Maps/FirstPersonExampleMap.FirstPersonExampleMap:PersistentLevel' has LevelScriptBlueprint '/Game/FirstPersonBP/Maps/FirstPersonExampleMap.FirstPersonExampleMap:PersistentLevel.FirstPersonExampleMap' with GeneratedClass '/Game/FirstPersonBP/Maps/FirstPersonExampleMap.FirstPersonExampleMap_C' with ClassGeneratedBy '/Game/FirstPersonBP/Maps/FirstPersonExampleMap.FirstPersonExampleMap:PersistentLevel.FirstPersonExampleMap'
[2016.11.29-00.17.42:088][274]LogWindowsTextInputMethodSystem:Display: IME system now deactivated.
[2016.11.29-00.17.42:088][274]LogWindowsTextInputMethodSystem:Display: IME system now deactivated.
[2016.11.29-00.17.50:703][500]LogRenderer: Reallocating scene render targets to support 1016x612 NumSamples 1 (Frame:14201).
[2016.11.29-00.17.51:307][516]LogContentStreaming: Texture pool size now 400 MB
[2016.11.29-00.17.52:043][537]LogContentStreaming: Texture pool size now 600 MB
[2016.11.29-00.17.53:260][553]LogRenderer: Reallocating scene render targets to support 1016x612 NumSamples 1 (Frame:14254).
[2016.11.29-00.19.51:617][273]LogEditorViewport: Clicking on Actor (LMB): StaticMeshActor (interior)
[2016.11.29-00.20.12:442][262]LogEditorViewport: Clicking on Actor (LMB): BP_Sky_Sphere_C (SkySphereBlueprint)
[2016.11.29-00.20.52:737][131]LogSavePackage: Save=250.20ms
[2016.11.29-00.20.52:737][131]LogSavePackage: Moving 'C:/Users/Dean/Documents/Unreal Projects/DiselPunk/Saved/FirstPersonExampleMap64C677164F84D14FDA8635B753EB83C4.tmp' to 'C:/Users/Dean/Documents/Unreal Projects/DiselPunk/Content/FirstPersonBP/Maps/FirstPersonExampleMap.umap'
